       0                    0.000
       1                 1398.187
       2                 1285.818
       3                 1276.482
       4                 1296.747
       5                 1299.809
       6                 1350.945
       7                 1296.415
       8                 1328.106
       9                 1333.778
      10                 1333.704
      11                 1311.802
      12                 1309.568
      13                 1283.456
      14                 1334.769
      15                 1287.855
      16                 1311.580
      17                 1335.310
      18                 1302.925
      19                 1340.523
      20                 1345.455
      21                 1304.144
      22                 1323.385
      23                 1270.274
      24                 1302.510
      25                 1325.017
      26                 1344.264
      27                 1347.278
      28                 1275.418
      29                 1322.280
      30                 1311.484
      31                 1333.049
      32                 1314.374
      33                 1329.363
      34                 1336.034
      35                 1270.148
      36                 1314.333
      37                 1358.028
      38                 1339.252
      39                 1257.009
      40                 1348.527
      41                 1354.549
      42                 1358.268
      43                 1286.911
      44                 1288.346
      45                 1339.413
      46                 1315.436
      47                 1273.220
      48                 1345.874
      49                 1269.270
      50                 1307.089
      51                 1305.821
      52                 1316.664
      53                 1303.742
      54                 1316.433
      55                 1262.342
      56                 1275.923
      57                 1310.897
      58                 1321.519
      59                 1256.091
      60                 1280.811
      61                 1309.320
      62                 1299.067
      63                 1312.891
      64                 1332.422
      65                 1338.723
      66                 1323.431
      67                 1344.620
      68                 1256.441
      69                 1335.574
      70                 1300.633
      71                 1312.507
      72                 1351.153
      73                 1301.878
      74                 1328.690
      75                 1312.350
      76                 1286.153
      77                 1257.160
      78                 1378.730
      79                 1334.739
      80                 1350.379
      81                 1320.518
      82                 1282.432
      83                 1337.769
      84                 1345.384
      85                 1316.171
      86                 1331.505
      87                 1332.309
      88                 1380.729
      89                 1283.506
      90                 1305.298
      91                 1336.356
      92                 1280.110
      93                 1270.333
      94                 1290.900
      95                 1355.942
      96                 1320.235
      97                 1302.282
      98                 1259.876
      99                 1252.075
